WCCILdata    (0), 2017.10.31 20:20:13.307, SYS,  INFO,        1, Manager Start, PROJ, SweetHome, V 3.11 - 3.11    linked at Jul 11 2012 23:32:12
WCCILdata    (0), 2017.10.31 20:20:13.314, SYS,  INFO,        0, , (Re)Opening databases in single user mode without transaction logging.
WCCILdata    (0), 2017.10.31 20:20:13.673, SYS,  INFO,        0, , Initialize archive smoothing
WCCILdata    (0), 2017.10.31 20:20:13.674, SYS,  INFO,        0, , Initialize archive smoothing
WCCILdata    (0), 2017.10.31 20:20:13.674, SYS,  INFO,        0, , Loading DpIdentification
WCCILdata    (0), 2017.10.31 20:20:13.674, SYS,  INFO,        0, , Initializing last value cache
WCCILdata    (0), 2017.10.31 20:20:13.675, SYS,  INFO,        0, , Loading internal datapoints
WCCILdata    (0), 2017.10.31 20:20:13.675, SYS,  INFO,        0, , Initializing ID history
WCCILdata    (0), 2017.10.31 20:20:13.675, SYS,  INFO,        0, , Initializing Alert history
WCCILdata    (0), 2017.10.31 20:20:13.675, SYS,  INFO,        0, , Initializing Alert Class cache
WCCILdata    (0), 2017.10.31 20:20:13.676, SYS,  INFO,        6, Initialization by Data Manager finished
WCCILdata    (0), 2017.10.31 20:20:13.676, PARAM,SEVERE,      8, Element does not exist, problem during archive initialization, datapoint does not exist:, _ValueArchive_0.arNr:_original.._value
WCCILdata    (0), 2017.10.31 20:20:13.676, PARAM,SEVERE,      8, Element does not exist, problem during archive initialization, datapoint does not exist:, _ValueArchive_0.state:_original.._value
WCCILdata    (0), 2017.10.31 20:20:13.677, PARAM,SEVERE,      8, Element does not exist, problem during archive initialization, datapoint does not exist:, _ValueArchive_0.general.arType:_original.._value
WCCILdata    (0), 2017.10.31 20:20:13.677, PARAM,SEVERE,      8, Element does not exist, problem during archive initialization, datapoint does not exist:, _ValueArchive_0.general.arName:_original.._value
WCCILdata    (0), 2017.10.31 20:20:13.677, PARAM,SEVERE,      8, Element does not exist, problem during archive initialization, datapoint does not exist:, _ValueArchive_0.general.hostNameGet:_original.._value
WCCILdata    (0), 2017.10.31 20:20:13.677, PARAM,SEVERE,      8, Element does not exist, problem during archive initialization, datapoint does not exist:, _ValueArchive_0.general.hostNameSet:_original.._value
WCCILdata    (0), 2017.10.31 20:20:13.677, PARAM,SEVERE,      8, Element does not exist, problem during archive initialization, datapoint does not exist:, _ValueArchive_0.general.filePathGet:_original.._value
WCCILdata    (0), 2017.10.31 20:20:13.677, PARAM,SEVERE,      8, Element does not exist, problem during archive initialization, datapoint does not exist:, _ValueArchive_0.general.filePathSet:_original.._value
WCCILdata    (0), 2017.10.31 20:20:13.677, PARAM,SEVERE,      8, Element does not exist, problem during archive initialization, datapoint does not exist:, _ValueArchive_0.general.fileNameGet:_original.._value
WCCILdata    (0), 2017.10.31 20:20:13.677, PARAM,SEVERE,      8, Element does not exist, problem during archive initialization, datapoint does not exist:, _ValueArchive_0.general.fileNameSet:_original.._value
WCCILdata    (0), 2017.10.31 20:20:13.677, PARAM,SEVERE,      8, Element does not exist, problem during archive initialization, datapoint does not exist:, _ValueArchive_0.general.createArchive:_original.._value
WCCILdata    (0), 2017.10.31 20:20:13.677, PARAM,SEVERE,      8, Element does not exist, problem during archive initialization, datapoint does not exist:, _ValueArchive_0.general.forwardToRDB:_original.._value
WCCILdata    (0), 2017.10.31 20:20:13.677, PARAM,SEVERE,      8, Element does not exist, problem during archive initialization, datapoint does not exist:, _ValueArchive_0.error.errNum:_original.._value
WCCILdata    (0), 2017.10.31 20:20:13.677, PARAM,SEVERE,      8, Element does not exist, problem during archive initialization, datapoint does not exist:, _ValueArchive_0.error.errDp:_original.._value
WCCILdata    (0), 2017.10.31 20:20:13.677, PARAM,SEVERE,      8, Element does not exist, problem during archive initialization, datapoint does not exist:, _ValueArchive_0.error.errBit:_original.._value
WCCILdata    (0), 2017.10.31 20:20:13.677, PARAM,SEVERE,      8, Element does not exist, problem during archive initialization, datapoint does not exist:, _ValueArchive_0.size.maxDpElGet:_original.._value
WCCILdata    (0), 2017.10.31 20:20:13.677, PARAM,SEVERE,      8, Element does not exist, problem during archive initialization, datapoint does not exist:, _ValueArchive_0.size.maxDpElSet:_original.._value
WCCILdata    (0), 2017.10.31 20:20:13.677, PARAM,SEVERE,      8, Element does not exist, problem during archive initialization, datapoint does not exist:, _ValueArchive_0.size.maxValuesGet:_original.._value
WCCILdata    (0), 2017.10.31 20:20:13.677, PARAM,SEVERE,      8, Element does not exist, problem during archive initialization, datapoint does not exist:, _ValueArchive_0.size.maxValuesSet:_original.._value
WCCILdata    (0), 2017.10.31 20:20:13.677, PARAM,SEVERE,      8, Element does not exist, problem during archive initialization, datapoint does not exist:, _ValueArchive_0.size.maxFillPctGet:_original.._value
WCCILdata    (0), 2017.10.31 20:20:13.677, PARAM,SEVERE,      8, Element does not exist, problem during archive initialization, datapoint does not exist:, _ValueArchive_0.size.maxFillPctSet:_original.._value
WCCILdata    (0), 2017.10.31 20:20:13.677, PARAM,SEVERE,      8, Element does not exist, problem during archive initialization, datapoint does not exist:, _ValueArchive_0.size.maxHeapSizeGet:_original.._value
WCCILdata    (0), 2017.10.31 20:20:13.677, PARAM,SEVERE,      8, Element does not exist, problem during archive initialization, datapoint does not exist:, _ValueArchive_0.size.maxHeapSizeSet:_original.._value
WCCILdata    (0), 2017.10.31 20:20:13.677, PARAM,SEVERE,      8, Element does not exist, problem during archive initialization, datapoint does not exist:, _ValueArchive_0.size.maxCacheGet:_original.._value
WCCILdata    (0), 2017.10.31 20:20:13.677, PARAM,SEVERE,      8, Element does not exist, problem during archive initialization, datapoint does not exist:, _ValueArchive_0.size.maxCacheSet:_original.._value
WCCILdata    (0), 2017.10.31 20:20:13.677, PARAM,SEVERE,      8, Element does not exist, problem during archive initialization, datapoint does not exist:, _ValueArchive_0.size.maxCorrCacheGet:_original.._value
WCCILdata    (0), 2017.10.31 20:20:13.677, PARAM,SEVERE,      8, Element does not exist, problem during archive initialization, datapoint does not exist:, _ValueArchive_0.size.maxCorrCacheSet:_original.._value
WCCILdata    (0), 2017.10.31 20:20:13.677, PARAM,SEVERE,      8, Element does not exist, problem during archive initialization, datapoint does not exist:, _ValueArchive_0.intervals.aliveInterval:_original.._value
WCCILdata    (0), 2017.10.31 20:20:13.677, PARAM,SEVERE,      8, Element does not exist, problem during archive initialization, datapoint does not exist:, _ValueArchive_0.intervals.saveCycle:_original.._value
WCCILdata    (0), 2017.10.31 20:20:13.677, PARAM,SEVERE,      8, Element does not exist, problem during archive initialization, datapoint does not exist:, _ValueArchive_0.setMgmt.fileSwitch.switchTimeGet.validFrom:_original.._value
WCCILdata    (0), 2017.10.31 20:20:13.677, PARAM,SEVERE,      8, Element does not exist, problem during archive initialization, datapoint does not exist:, _ValueArchive_0.setMgmt.fileSwitch.switchTimeGet.validUntil:_original.._value
WCCILdata    (0), 2017.10.31 20:20:13.677, PARAM,SEVERE,      8, Element does not exist, problem during archive initialization, datapoint does not exist:, _ValueArchive_0.setMgmt.fileSwitch.switchTimeGet.time:_original.._value
WCCILdata    (0), 2017.10.31 20:20:13.677, PARAM,SEVERE,      8, Element does not exist, problem during archive initialization, datapoint does not exist:, _ValueArchive_0.setMgmt.fileSwitch.switchTimeGet.weekDay:_original.._value
WCCILdata    (0), 2017.10.31 20:20:13.677, PARAM,SEVERE,      8, Element does not exist, problem during archive initialization, datapoint does not exist:, _ValueArchive_0.setMgmt.fileSwitch.switchTimeGet.monthDay:_original.._value
WCCILdata    (0), 2017.10.31 20:20:13.678, PARAM,SEVERE,      8, Element does not exist, problem during archive initialization, datapoint does not exist:, _ValueArchive_0.setMgmt.fileSwitch.switchTimeGet.month:_original.._value
WCCILdata    (0), 2017.10.31 20:20:13.678, PARAM,SEVERE,      8, Element does not exist, problem during archive initialization, datapoint does not exist:, _ValueArchive_0.setMgmt.fileSwitch.switchTimeGet.syncTime:_original.._value
WCCILdata    (0), 2017.10.31 20:20:13.678, PARAM,SEVERE,      8, Element does not exist, problem during archive initialization, datapoint does not exist:, _ValueArchive_0.setMgmt.fileSwitch.switchTimeGet.syncWeekDay:_original.._value
WCCILdata    (0), 2017.10.31 20:20:13.678, PARAM,SEVERE,      8, Element does not exist, problem during archive initialization, datapoint does not exist:, _ValueArchive_0.setMgmt.fileSwitch.switchTimeGet.syncDay:_original.._value
WCCILdata    (0), 2017.10.31 20:20:13.678, PARAM,SEVERE,      8, Element does not exist, problem during archive initialization, datapoint does not exist:, _ValueArchive_0.setMgmt.fileSwitch.switchTimeGet.syncMonth:_original.._value
WCCILdata    (0), 2017.10.31 20:20:13.678, PARAM,SEVERE,      8, Element does not exist, problem during archive initialization, datapoint does not exist:, _ValueArchive_0.setMgmt.fileSwitch.switchTimeGet.interval:_original.._value
WCCILdata    (0), 2017.10.31 20:20:13.678, PARAM,SEVERE,      8, Element does not exist, problem during archive initialization, datapoint does not exist:, _ValueArchive_0.setMgmt.fileSwitch.switchTimeGet.delay:_original.._value
WCCILdata    (0), 2017.10.31 20:20:13.678, PARAM,SEVERE,      8, Element does not exist, problem during archive initialization, datapoint does not exist:, _ValueArchive_0.setMgmt.fileSwitch.switchTimeSet.validFrom:_original.._value
WCCILdata    (0), 2017.10.31 20:20:13.678, PARAM,SEVERE,      8, Element does not exist, problem during archive initialization, datapoint does not exist:, _ValueArchive_0.setMgmt.fileSwitch.switchTimeSet.validUntil:_original.._value
WCCILdata    (0), 2017.10.31 20:20:13.678, PARAM,SEVERE,      8, Element does not exist, problem during archive initialization, datapoint does not exist:, _ValueArchive_0.setMgmt.fileSwitch.switchTimeSet.time:_original.._value
WCCILdata    (0), 2017.10.31 20:20:13.678, PARAM,SEVERE,      8, Element does not exist, problem during archive initialization, datapoint does not exist:, _ValueArchive_0.setMgmt.fileSwitch.switchTimeSet.weekDay:_original.._value
WCCILdata    (0), 2017.10.31 20:20:13.678, PARAM,SEVERE,      8, Element does not exist, problem during archive initialization, datapoint does not exist:, _ValueArchive_0.setMgmt.fileSwitch.switchTimeSet.monthDay:_original.._value
WCCILdata    (0), 2017.10.31 20:20:13.678, PARAM,SEVERE,      8, Element does not exist, problem during archive initialization, datapoint does not exist:, _ValueArchive_0.setMgmt.fileSwitch.switchTimeSet.month:_original.._value
WCCILdata    (0), 2017.10.31 20:20:13.678, PARAM,SEVERE,      8, Element does not exist, problem during archive initialization, datapoint does not exist:, _ValueArchive_0.setMgmt.fileSwitch.switchTimeSet.syncTime:_original.._value
WCCILdata    (0), 2017.10.31 20:20:13.678, PARAM,SEVERE,      8, Element does not exist, problem during archive initialization, datapoint does not exist:, _ValueArchive_0.setMgmt.fileSwitch.switchTimeSet.syncWeekDay:_original.._value
WCCILdata    (0), 2017.10.31 20:20:13.678, PARAM,SEVERE,      8, Element does not exist, problem during archive initialization, datapoint does not exist:, _ValueArchive_0.setMgmt.fileSwitch.switchTimeSet.syncDay:_original.._value
WCCILdata    (0), 2017.10.31 20:20:13.678, SYS,  SEVERE,    118, Last error already repeated 50 times. Until another output occurs, this one will be blocked.
WCCILdata    (0), 2017.10.31 20:20:13.679, PARAM,SEVERE,      8, Element does not exist, problem during archive initialization, datapoint does not exist:, _ValueArchive_0.setMgmt.fileCompression.autoStartAfterSwitchSet:_original.._value
WCCILdata    (0), 2017.10.31 20:20:13.679, SYS,  INFO,      119, Last error repeated 212 times.
WCCILdata    (0), 2017.10.31 20:20:13.679, SYS,  INFO,        0, , Initializing Value Archives
WCCILdata    (0), 2017.10.31 20:20:13.680, SYS,  INFO,        0, , ValueArchive will be used...
WCCILdata    (0), 2017.10.31 20:20:13.761, SYS,  INFO,        4, Connected to, (SYS: 1 Event -num 0 CONN: 1) @ Igor-PC (::ffff:127.0.0.1)
WCCILdata    (0), 2017.10.31 20:20:13.764, SYS,  INFO,        0, , Manager (SYS: 1 Event -num 0 CONN: 1) initialised
WCCILdata    (0), 2017.10.31 20:20:13.829, SYS,  INFO,        4, Connected to, (SYS: 1 Driver -num 1 CONN: 1) @ Igor-PC (::ffff:127.0.0.1)
WCCILdata    (0), 2017.10.31 20:20:13.832, SYS,  INFO,        0, , Manager (SYS: 1 Driver -num 1 CONN: 1) initialised
WCCILdata    (0), 2017.10.31 20:20:13.899, SYS,  INFO,        4, Connected to, (SYS: 1 Ascii -num 1 CONN: 1) @ Igor-PC (::ffff:127.0.0.1)
WCCILdata    (0), 2017.10.31 20:20:13.901, SYS,  INFO,        0, , Manager (SYS: 1 Ascii -num 1 CONN: 1) initialised
WCCILdata    (0), 2017.10.31 20:20:22.320, SYS,  WARNING,    39, Connection lost, MAN: (SYS: 1 Ascii -num 1 CONN: 1), Connection reset by peer (10054)
WCCILdata    (0), 2017.10.31 20:20:22.387, SYS,  INFO,        4, Connected to, (SYS: 1 Ascii -num 1 CONN: 1) @ Igor-PC (::ffff:127.0.0.1)
WCCILdata    (0), 2017.10.31 20:20:22.390, SYS,  INFO,        0, , Manager (SYS: 1 Ascii -num 1 CONN: 1) initialised
WCCILdata    (0), 2017.10.31 20:20:22.642, SYS,  WARNING,    39, Connection lost, MAN: (SYS: 1 Ascii -num 1 CONN: 1), Connection reset by peer (10054)
WCCILdata    (0), 2017.10.31 20:20:22.705, SYS,  INFO,        4, Connected to, (SYS: 1 Ascii -num 1 CONN: 1) @ Igor-PC (::ffff:127.0.0.1)
WCCILdata    (0), 2017.10.31 20:20:22.707, SYS,  INFO,        0, , Manager (SYS: 1 Ascii -num 1 CONN: 1) initialised
WCCILdata    (0), 2017.10.31 20:20:23.999, SYS,  WARNING,    39, Connection lost, MAN: (SYS: 1 Ascii -num 1 CONN: 1), Connection reset by peer (10054)
WCCILdata    (0), 2017.10.31 20:20:24.065, SYS,  INFO,        4, Connected to, (SYS: 1 Ascii -num 1 CONN: 1) @ Igor-PC (::ffff:127.0.0.1)
WCCILdata    (0), 2017.10.31 20:20:24.068, SYS,  INFO,        0, , Manager (SYS: 1 Ascii -num 1 CONN: 1) initialised
WCCILdata    (0), 2017.10.31 20:20:24.081, SYS,  WARNING,    39, Connection lost, MAN: (SYS: 1 Ascii -num 1 CONN: 1), Connection reset by peer (10054)
WCCILdata    (0), 2017.10.31 20:20:24.146, SYS,  INFO,        4, Connected to, (SYS: 1 Ascii -num 1 CONN: 1) @ Igor-PC (::ffff:127.0.0.1)
WCCILdata    (0), 2017.10.31 20:20:24.150, SYS,  INFO,        0, , Manager (SYS: 1 Ascii -num 1 CONN: 1) initialised
WCCILdata    (0), 2017.10.31 20:20:24.159, SYS,  WARNING,    39, Connection lost, MAN: (SYS: 1 Ascii -num 1 CONN: 1), Connection reset by peer (10054)
WCCILdata    (0), 2017.10.31 20:20:24.222, SYS,  INFO,        4, Connected to, (SYS: 1 Ascii -num 1 CONN: 1) @ Igor-PC (::ffff:127.0.0.1)
WCCILdata    (0), 2017.10.31 20:20:24.225, SYS,  INFO,        0, , Manager (SYS: 1 Ascii -num 1 CONN: 1) initialised
WCCILdata    (0), 2017.10.31 20:20:24.234, SYS,  WARNING,    39, Connection lost, MAN: (SYS: 1 Ascii -num 1 CONN: 1), Connection reset by peer (10054)
WCCILdata    (0), 2017.10.31 20:20:24.298, SYS,  INFO,        4, Connected to, (SYS: 1 Ascii -num 1 CONN: 1) @ Igor-PC (::ffff:127.0.0.1)
WCCILdata    (0), 2017.10.31 20:20:24.300, SYS,  INFO,        0, , Manager (SYS: 1 Ascii -num 1 CONN: 1) initialised
WCCILdata    (0), 2017.10.31 20:20:28.143, SYS,  WARNING,    39, Connection lost, MAN: (SYS: 1 Ascii -num 1 CONN: 1), Connection reset by peer (10054)
WCCILdata    (0), 2017.10.31 20:20:28.226, SYS,  INFO,        4, Connected to, (SYS: 1 Ascii -num 1 CONN: 1) @ Igor-PC (::ffff:127.0.0.1)
WCCILdata    (0), 2017.10.31 20:20:28.229, SYS,  INFO,        0, , Manager (SYS: 1 Ascii -num 1 CONN: 1) initialised
WCCILdata    (0), 2017.10.31 20:20:28.250, SYS,  WARNING,    39, Connection lost, MAN: (SYS: 1 Ascii -num 1 CONN: 1), Connection reset by peer (10054)
WCCILdata    (0), 2017.10.31 20:20:28.325, SYS,  INFO,        4, Connected to, (SYS: 1 Ascii -num 1 CONN: 1) @ Igor-PC (::ffff:127.0.0.1)
WCCILdata    (0), 2017.10.31 20:20:28.329, SYS,  INFO,        0, , Manager (SYS: 1 Ascii -num 1 CONN: 1) initialised
WCCILdata    (0), 2017.10.31 20:20:28.422, SYS,  WARNING,    39, Connection lost, MAN: (SYS: 1 Ascii -num 1 CONN: 1), Connection reset by peer (10054)
WCCILdata    (0), 2017.10.31 20:20:28.500, SYS,  INFO,        4, Connected to, (SYS: 1 Ascii -num 1 CONN: 1) @ Igor-PC (::ffff:127.0.0.1)
WCCILdata    (0), 2017.10.31 20:20:28.503, SYS,  INFO,        0, , Manager (SYS: 1 Ascii -num 1 CONN: 1) initialised
WCCILdata    (0), 2017.10.31 20:20:28.512, SYS,  WARNING,    39, Connection lost, MAN: (SYS: 1 Ascii -num 1 CONN: 1), Connection reset by peer (10054)
WCCILdata    (0), 2017.10.31 20:20:30.529, SYS,  INFO,       39, Connection lost, MAN: (SYS: 1 Driver -num 1 CONN: 1), Connection closed
WCCILdata    (0), 2017.10.31 20:20:30.639, SYS,  INFO,       39, Connection lost, MAN: (SYS: 1 Event -num 0 CONN: 1), Connection closed
WCCILdata    (0), 2017.10.31 20:20:32.641, SYS,  INFO,        0, , Loading DpIdentification
WCCILdata    (0), 2017.10.31 20:20:32.646, SYS,  INFO,        2, Manager Stop
