WCCILpmon    (1), 2017.10.31 20:36:54.739, SYS,  INFO,        1, Manager Start, START_MODE
WCCILpmon    (1), 2017.10.31 20:36:54.848, SYS,  INFO,        1, Manager Start, C:\Siemens\Automation\WinCC_OA\3.11\bin\WCCILdata.exe -PROJ SweetHome -pmonIndex 1 
WCCILdata    (0), 2017.10.31 20:36:54.905, SYS,  INFO,        1, Manager Start, PROJ, SweetHome, V 3.11 - 3.11    linked at Jul 11 2012 23:32:12
WCCILdata    (0), 2017.10.31 20:36:54.913, SYS,  INFO,        0, , (Re)Opening databases in single user mode without transaction logging.
WCCILdata    (0), 2017.10.31 20:36:55.240, SYS,  INFO,        0, , Initialize archive smoothing
WCCILdata    (0), 2017.10.31 20:36:55.241, SYS,  INFO,        0, , Initialize archive smoothing
WCCILdata    (0), 2017.10.31 20:36:55.241, SYS,  INFO,        0, , Loading DpIdentification
WCCILdata    (0), 2017.10.31 20:36:55.289, SYS,  INFO,        0, , Initializing last value cache
WCCILdata    (0), 2017.10.31 20:36:55.336, SYS,  INFO,        0, , Loading internal datapoints
WCCILdata    (0), 2017.10.31 20:36:55.337, SYS,  INFO,        0, , Initializing ID history
WCCILdata    (0), 2017.10.31 20:36:55.337, SYS,  INFO,        0, , Initializing Alert history
WCCILdata    (0), 2017.10.31 20:36:55.339, SYS,  INFO,        0, , Initializing Alert Class cache
WCCILdata    (0), 2017.10.31 20:36:55.342, SYS,  INFO,        6, Initialization by Data Manager finished
WCCILdata    (0), 2017.10.31 20:36:55.388, SYS,  INFO,        0, , Initializing Value Archives
WCCILdata    (0), 2017.10.31 20:36:55.395, SYS,  INFO,        0, , ValueArchive will be used...
WCCILpmon    (1), 2017.10.31 20:36:56.689, SYS,  INFO,        1, Manager Start, C:\Siemens\Automation\WinCC_OA\3.11\bin\WCCOAvalarch.exe -PROJ SweetHome -pmonIndex 2 -num 0
WCCOAvalarch (0), 2017.10.31 20:36:56.802, SYS,  INFO,        1, Manager Start, PROJ, SweetHome, V 3.11 - 3.11    linked at Jul 11 2012 23:27:57
WCCOAvalarch (0), 2017.10.31 20:36:56.811, SYS,  INFO,        3, Trying to connect to, (SYS: 0 Data -num 0 CONN: 1) @ localhost:4897
WCCOAvalarch (0), 2017.10.31 20:36:56.813, SYS,  INFO,        4, Connected to, (SYS: 0 Data -num 0 CONN: 1) @ Igor-PC (127.0.0.1)
WCCILdata    (0), 2017.10.31 20:36:56.815, SYS,  INFO,        4, Connected to, (SYS: 1 Data -num 2 CONN: 1) @ Igor-PC (::ffff:127.0.0.1)
WCCILdata    (0), 2017.10.31 20:36:56.817, PARAM,INFO,        1, Manager Start, HistOrgMain, connection from archive received - initializing, archive number is: 0
WCCILdata    (0), 2017.10.31 20:36:56.819, SYS,  INFO,        0, , Manager (SYS: 1 Data -num 2 CONN: 1) initialised
WCCILpmon    (1), 2017.10.31 20:36:56.992, SYS,  INFO,        1, Manager Start, C:\Siemens\Automation\WinCC_OA\3.11\bin\WCCOAvalarch.exe -PROJ SweetHome -pmonIndex 3 -num 1
WCCOAvalarch (1), 2017.10.31 20:36:57.046, SYS,  INFO,        1, Manager Start, PROJ, SweetHome, V 3.11 - 3.11    linked at Jul 11 2012 23:27:57
WCCOAvalarch (1), 2017.10.31 20:36:57.053, SYS,  INFO,        3, Trying to connect to, (SYS: 0 Data -num 0 CONN: 1) @ localhost:4897
WCCOAvalarch (1), 2017.10.31 20:36:57.057, SYS,  INFO,        4, Connected to, (SYS: 0 Data -num 0 CONN: 1) @ Igor-PC (127.0.0.1)
WCCILdata    (0), 2017.10.31 20:36:57.058, SYS,  INFO,        4, Connected to, (SYS: 1 Data -num 3 CONN: 1) @ Igor-PC (::ffff:127.0.0.1)
WCCILdata    (0), 2017.10.31 20:36:57.059, PARAM,INFO,        1, Manager Start, HistOrgMain, connection from archive received - initializing, archive number is: 1
WCCILdata    (0), 2017.10.31 20:36:57.061, SYS,  INFO,        0, , Manager (SYS: 1 Data -num 3 CONN: 1) initialised
WCCILpmon    (1), 2017.10.31 20:36:57.196, SYS,  INFO,        1, Manager Start, C:\Siemens\Automation\WinCC_OA\3.11\bin\WCCOAvalarch.exe -PROJ SweetHome -pmonIndex 4 -num 2
WCCOAvalarch (2), 2017.10.31 20:36:57.257, SYS,  INFO,        1, Manager Start, PROJ, SweetHome, V 3.11 - 3.11    linked at Jul 11 2012 23:27:57
WCCOAvalarch (2), 2017.10.31 20:36:57.263, SYS,  INFO,        3, Trying to connect to, (SYS: 0 Data -num 0 CONN: 1) @ localhost:4897
WCCOAvalarch (2), 2017.10.31 20:36:57.266, SYS,  INFO,        4, Connected to, (SYS: 0 Data -num 0 CONN: 1) @ Igor-PC (127.0.0.1)
WCCILdata    (0), 2017.10.31 20:36:57.266, SYS,  INFO,        4, Connected to, (SYS: 1 Data -num 4 CONN: 1) @ Igor-PC (::ffff:127.0.0.1)
WCCILdata    (0), 2017.10.31 20:36:57.268, PARAM,INFO,        1, Manager Start, HistOrgMain, connection from archive received - initializing, archive number is: 2
WCCILdata    (0), 2017.10.31 20:36:57.270, SYS,  INFO,        0, , Manager (SYS: 1 Data -num 4 CONN: 1) initialised
WCCILpmon    (1), 2017.10.31 20:36:57.423, SYS,  INFO,        1, Manager Start, C:\Siemens\Automation\WinCC_OA\3.11\bin\WCCOAvalarch.exe -PROJ SweetHome -pmonIndex 5 -num 3
WCCOAvalarch (3), 2017.10.31 20:36:57.478, SYS,  INFO,        1, Manager Start, PROJ, SweetHome, V 3.11 - 3.11    linked at Jul 11 2012 23:27:57
WCCOAvalarch (3), 2017.10.31 20:36:57.484, SYS,  INFO,        3, Trying to connect to, (SYS: 0 Data -num 0 CONN: 1) @ localhost:4897
WCCOAvalarch (3), 2017.10.31 20:36:57.486, SYS,  INFO,        4, Connected to, (SYS: 0 Data -num 0 CONN: 1) @ Igor-PC (127.0.0.1)
WCCILdata    (0), 2017.10.31 20:36:57.487, SYS,  INFO,        4, Connected to, (SYS: 1 Data -num 5 CONN: 1) @ Igor-PC (::ffff:127.0.0.1)
WCCILdata    (0), 2017.10.31 20:36:57.489, PARAM,INFO,        1, Manager Start, HistOrgMain, connection from archive received - initializing, archive number is: 3
WCCILdata    (0), 2017.10.31 20:36:57.491, SYS,  INFO,        0, , Manager (SYS: 1 Data -num 5 CONN: 1) initialised
WCCILpmon    (1), 2017.10.31 20:36:57.627, SYS,  INFO,        1, Manager Start, C:\Siemens\Automation\WinCC_OA\3.11\bin\WCCOAvalarch.exe -PROJ SweetHome -pmonIndex 6 -num 4
WCCOAvalarch (4), 2017.10.31 20:36:57.676, SYS,  INFO,        1, Manager Start, PROJ, SweetHome, V 3.11 - 3.11    linked at Jul 11 2012 23:27:57
WCCOAvalarch (4), 2017.10.31 20:36:57.683, SYS,  INFO,        3, Trying to connect to, (SYS: 0 Data -num 0 CONN: 1) @ localhost:4897
WCCOAvalarch (4), 2017.10.31 20:36:57.685, SYS,  INFO,        4, Connected to, (SYS: 0 Data -num 0 CONN: 1) @ Igor-PC (127.0.0.1)
WCCILdata    (0), 2017.10.31 20:36:57.686, SYS,  INFO,        4, Connected to, (SYS: 1 Data -num 6 CONN: 1) @ Igor-PC (::ffff:127.0.0.1)
WCCILdata    (0), 2017.10.31 20:36:57.687, PARAM,INFO,        1, Manager Start, HistOrgMain, connection from archive received - initializing, archive number is: 4
WCCILdata    (0), 2017.10.31 20:36:57.689, SYS,  INFO,        0, , Manager (SYS: 1 Data -num 6 CONN: 1) initialised
WCCOAvalarch (0), 2017.10.31 20:36:57.809, SYS,  INFO,        0, , Archive-directory was not present - will be created
WCCILpmon    (1), 2017.10.31 20:36:57.832, SYS,  INFO,        1, Manager Start, C:\Siemens\Automation\WinCC_OA\3.11\bin\WCCOAvalarch.exe -PROJ SweetHome -pmonIndex 7 -num 5
WCCOAvalarch (5), 2017.10.31 20:36:57.885, SYS,  INFO,        1, Manager Start, PROJ, SweetHome, V 3.11 - 3.11    linked at Jul 11 2012 23:27:57
WCCOAvalarch (5), 2017.10.31 20:36:57.891, SYS,  INFO,        3, Trying to connect to, (SYS: 0 Data -num 0 CONN: 1) @ localhost:4897
WCCOAvalarch (5), 2017.10.31 20:36:57.893, SYS,  INFO,        4, Connected to, (SYS: 0 Data -num 0 CONN: 1) @ Igor-PC (127.0.0.1)
WCCILdata    (0), 2017.10.31 20:36:57.894, SYS,  INFO,        4, Connected to, (SYS: 1 Data -num 7 CONN: 1) @ Igor-PC (::ffff:127.0.0.1)
WCCILdata    (0), 2017.10.31 20:36:57.895, PARAM,INFO,        1, Manager Start, HistOrgMain, connection from archive received - initializing, archive number is: 5
WCCILdata    (0), 2017.10.31 20:36:57.897, SYS,  INFO,        0, , Manager (SYS: 1 Data -num 7 CONN: 1) initialised
WCCOAvalarch (1), 2017.10.31 20:36:58.051, SYS,  INFO,        0, , Archive-directory was not present - will be created
WCCOAvalarch (2), 2017.10.31 20:36:58.262, SYS,  INFO,        0, , Archive-directory was not present - will be created
WCCOAvalarch (3), 2017.10.31 20:36:58.483, SYS,  INFO,        0, , Archive-directory was not present - will be created
WCCOAvalarch (4), 2017.10.31 20:36:58.681, SYS,  INFO,        0, , Archive-directory was not present - will be created
WCCOAvalarch (5), 2017.10.31 20:36:58.890, SYS,  INFO,        0, , Archive-directory was not present - will be created
WCCOAvalarch (0), 2017.10.31 20:37:00.021, SYS,  INFO,        6, Initialization by Data Manager finished
WCCILdata    (0), 2017.10.31 20:37:00.040, SYS,  INFO,        0, , Sending initial values to archive
WCCOAvalarch (1), 2017.10.31 20:37:00.184, SYS,  INFO,        6, Initialization by Data Manager finished
WCCILdata    (0), 2017.10.31 20:37:00.202, SYS,  INFO,        0, , Sending initial values to archive
WCCOAvalarch (2), 2017.10.31 20:37:00.408, SYS,  INFO,        6, Initialization by Data Manager finished
WCCILdata    (0), 2017.10.31 20:37:00.411, SYS,  INFO,        0, , Sending initial values to archive
WCCOAvalarch (3), 2017.10.31 20:37:00.930, SYS,  INFO,        6, Initialization by Data Manager finished
WCCILdata    (0), 2017.10.31 20:37:00.936, SYS,  INFO,        0, , Sending initial values to archive
WCCOAvalarch (0), 2017.10.31 20:37:01.053, SYS,  INFO,        0, , Ready for operation.
WCCOAvalarch (4), 2017.10.31 20:37:01.118, SYS,  INFO,        6, Initialization by Data Manager finished
WCCOAvalarch (5), 2017.10.31 20:37:01.204, SYS,  INFO,        6, Initialization by Data Manager finished
WCCOAvalarch (1), 2017.10.31 20:37:01.220, SYS,  INFO,        0, , Ready for operation.
WCCILpmon    (1), 2017.10.31 20:37:01.238, SYS,  INFO,        1, Manager Start, C:\Siemens\Automation\WinCC_OA\3.11\bin\WCCILevent.exe -PROJ SweetHome -pmonIndex 8 
WCCILevent   (0), 2017.10.31 20:37:01.291, SYS,  INFO,        1, Manager Start, PROJ, SweetHome, V 3.11 - 3.11    linked at Jul 11 2012 23:21:55
WCCILevent   (0), 2017.10.31 20:37:01.367, SYS,  INFO,      108, License information, Host information
Hostname:   Igor-PC
HW-code:    41810088914
HW-version: 31100002

WCCILevent   (0), 2017.10.31 20:37:01.370, SYS,  SEVERE,    105, Invalid license, Igor-PC: No license found
WCCILevent   (0), 2017.10.31 20:37:01.371, SYS,  INFO,      108, License information, Using license file C:\Siemens\Automation\WinCC_OA\3.11\shield

WCCILevent   (0), 2017.10.31 20:37:01.375, SYS,  INFO,        3, Trying to connect to, (SYS: 0 Data -num 0 CONN: 1) @ localhost:4897
WCCILevent   (0), 2017.10.31 20:37:01.378, SYS,  INFO,        4, Connected to, (SYS: 0 Data -num 0 CONN: 1) @ Igor-PC (127.0.0.1)
WCCOAvalarch (2), 2017.10.31 20:37:01.408, SYS,  INFO,        0, , Ready for operation.
WCCOAvalarch (3), 2017.10.31 20:37:01.930, SYS,  INFO,        0, , Ready for operation.
WCCILdata    (0), 2017.10.31 20:37:01.129, SYS,  INFO,        0, , Sending initial values to archive
WCCILdata    (0), 2017.10.31 20:37:02.202, SYS,  INFO,        0, , Sending initial values to archive
WCCILdata    (0), 2017.10.31 20:37:02.203, SYS,  INFO,        4, Connected to, (SYS: 1 Event -num 0 CONN: 1) @ Igor-PC (::ffff:127.0.0.1)
WCCOAvalarch (5), 2017.10.31 20:37:02.204, SYS,  INFO,        0, , Ready for operation.
WCCILevent   (0), 2017.10.31 20:37:02.213, SYS,  SEVERE,    105, Invalid license, Igor-PC: No license found
WCCILdata    (0), 2017.10.31 20:37:02.349, SYS,  INFO,        0, , Manager (SYS: 1 Event -num 0 CONN: 1) initialised
WCCILevent   (0), 2017.10.31 20:37:02.350, SYS,  INFO,        6, Initialization by Data Manager finished
WCCILevent   (0), 2017.10.31 20:37:02.351, SYS,  INFO,      169, Initialize 72 dp-functions
WCCILevent   (0), 2017.10.31 20:37:02.360, SYS,  INFO,      168, Initialize 92 alerts
WCCILevent   (0), 2017.10.31 20:37:02.362, SYS,  SEVERE,    105, Invalid license, Eventmanager will shutdown after the demo period of 1800 seconds
WCCILevent   (0), 2017.10.31 20:37:02.364, SYS,  INFO,      103, User names/passwords initialized
WCCOAvalarch (4), 2017.10.31 20:37:03.202, SYS,  INFO,        0, , Ready for operation.
WCCILpmon    (1), 2017.10.31 20:37:03.308, SYS,  INFO,        1, Manager Start, C:\Siemens\Automation\WinCC_OA\3.11\bin\WCCOActrl.exe -PROJ SweetHome -pmonIndex 9 -f pvss_scripts.lst
WCCOActrl    (0), 2017.10.31 20:37:03.372, SYS,  INFO,        1, Manager Start, PROJ, SweetHome, V 3.11 - 3.11    linked at Jul 11 2012 23:19:30
WCCOActrl    (0), 2017.10.31 20:37:03.378, SYS,  INFO,        3, Trying to connect to, (SYS: 0 Data -num 0 CONN: 1) @ localhost:4897
WCCOActrl    (0), 2017.10.31 20:37:03.382, SYS,  INFO,        4, Connected to, (SYS: 0 Data -num 0 CONN: 1) @ Igor-PC (127.0.0.1)
WCCILdata    (0), 2017.10.31 20:37:03.386, SYS,  INFO,        4, Connected to, (SYS: 1 Ctrl -num 1 CONN: 1) @ Igor-PC (::ffff:127.0.0.1)
WCCILdata    (0), 2017.10.31 20:37:03.390, SYS,  INFO,        0, , Manager (SYS: 1 Ctrl -num 1 CONN: 1) initialised
WCCOActrl    (1), 2017.10.31 20:37:03.393, SYS,  INFO,        6, Initialization by Data Manager finished
WCCOActrl    (1), 2017.10.31 20:37:03.393, SYS,  INFO,        3, Trying to connect to, (SYS: 1 Event -num 0 CONN: 1) @ localhost:4998
WCCOActrl    (1), 2017.10.31 20:37:03.394, SYS,  INFO,        4, Connected to, (SYS: 1 Event -num 0 CONN: 1) @ Igor-PC (127.0.0.1)
WCCILevent   (0), 2017.10.31 20:37:03.395, SYS,  WARNING,   105, Invalid license, Igor-PC: No license found, Running as demo version, ctrl
WCCILevent   (0), 2017.10.31 20:37:03.396, SYS,  INFO,        4, Connected to, (SYS: 1 Ctrl -num 1 CONN: 1) @ Igor-PC (::ffff:127.0.0.1)
WCCOActrl    (1), 2017.10.31 20:37:03.399, SYS,  INFO,      102, Waiting for user names/passwords
WCCOActrl    (1), 2017.10.31 20:37:03.399, SYS,  INFO,      103, User names/passwords initialized
WCCILpmon    (1), 2017.10.31 20:37:03.515, SYS,  INFO,        1, Manager Start, C:\Siemens\Automation\WinCC_OA\3.11\bin\WCCILsim.exe -PROJ SweetHome -pmonIndex 10 
WCCILsim     (1), 2017.10.31 20:37:03.598, SYS,  INFO,        1, Manager Start, PROJ, SweetHome, V 3.11 - 3.11    linked at Jul 11 2012 22:27:53
WCCILsim     (1), 2017.10.31 20:37:03.603, SYS,  INFO,        3, Trying to connect to, (SYS: 0 Data -num 0 CONN: 1) @ localhost:4897
WCCILsim     (1), 2017.10.31 20:37:03.607, SYS,  INFO,        4, Connected to, (SYS: 0 Data -num 0 CONN: 1) @ Igor-PC (127.0.0.1)
WCCILdata    (0), 2017.10.31 20:37:03.607, SYS,  INFO,        4, Connected to, (SYS: 1 Driver -num 1 CONN: 1) @ Igor-PC (::ffff:127.0.0.1)
WCCILdata    (0), 2017.10.31 20:37:03.619, SYS,  INFO,        0, , Manager (SYS: 1 Driver -num 1 CONN: 1) initialised
WCCILsim     (1), 2017.10.31 20:37:03.619, SYS,  INFO,        6, Initialization by Data Manager finished
WCCILsim     (1), 2017.10.31 20:37:03.620, SYS,  INFO,        3, Trying to connect to, (SYS: 1 Event -num 0 CONN: 1) @ localhost:4998
WCCILsim     (1), 2017.10.31 20:37:03.622, SYS,  INFO,        4, Connected to, (SYS: 1 Event -num 0 CONN: 1) @ Igor-PC (127.0.0.1)
WCCILevent   (0), 2017.10.31 20:37:03.623, SYS,  WARNING,   105, Invalid license, Igor-PC: No license found, Running as demo version, driver
WCCILevent   (0), 2017.10.31 20:37:03.623, SYS,  INFO,        4, Connected to, (SYS: 1 Driver -num 1 CONN: 1) @ Igor-PC (::ffff:127.0.0.1)
WCCILsim     (1), 2017.10.31 20:37:03.626, SYS,  SEVERE,    105, Invalid license, Driver will shutdown after the demo period of 1800 seconds
WCCILsim     (1), 2017.10.31 20:37:03.627, SYS,  INFO,      156, Driver initialization finished.
WCCOActrl    (1), 2017.10.31 20:37:03.679, SYS,  WARNING,     0, , Possible mismatch in host configuration: host1=Igor-PC
WCCOActrl    (1), 2017.10.31 20:37:03.680, CTRL, WARNING,     5/ctrl, Location of the following log entry: calculateState.ctl    Library: C:\Siemens\Automation\WinCC_OA\3.11\scripts\libs\hosts.ctl
    Line: 61
WCCOActrl    (1), 2017.10.31 20:37:03.680, SYS,  WARNING,     0, , Possible mismatch in host configuration: host1=Igor-PC
WCCILpmon    (1), 2017.10.31 20:37:03.720, SYS,  INFO,        1, Manager Start, C:\Siemens\Automation\WinCC_OA\3.11\bin\WCCOAui.exe -PROJ SweetHome -pmonIndex 11 -m gedi
WCCOAui      (0), 2017.10.31 20:37:03.824, SYS,  INFO,        1, Manager Start, PROJ, SweetHome, V 3.11 - 3.11    linked at Jul 12 2012 00:11:22
WCCOAui      (0), 2017.10.31 20:37:03.842, SYS,  INFO,        3, Trying to connect to, (SYS: 0 Data -num 0 CONN: 1) @ localhost:4897
WCCOAui      (0), 2017.10.31 20:37:03.852, SYS,  INFO,        4, Connected to, (SYS: 0 Data -num 0 CONN: 1) @ Igor-PC (127.0.0.1)
WCCILdata    (0), 2017.10.31 20:37:03.862, SYS,  INFO,        4, Connected to, (SYS: 1 Ui -num 1 CONN: 1) @ Igor-PC (::ffff:127.0.0.1)
WCCILdata    (0), 2017.10.31 20:37:03.878, SYS,  INFO,        0, , Manager (SYS: 1 Ui -num 1 CONN: 1) initialised
WCCOAui      (1), 2017.10.31 20:37:03.881, SYS,  INFO,        6, Initialization by Data Manager finished
WCCOAui      (1), 2017.10.31 20:37:03.884, SYS,  INFO,        3, Trying to connect to, (SYS: 1 Event -num 0 CONN: 1) @ localhost:4998
WCCOAui      (1), 2017.10.31 20:37:03.888, SYS,  INFO,        4, Connected to, (SYS: 1 Event -num 0 CONN: 1) @ Igor-PC (127.0.0.1)
WCCILevent   (0), 2017.10.31 20:37:03.891, SYS,  WARNING,   105, Invalid license, Igor-PC: No license found, Running as demo version, ui
WCCILevent   (0), 2017.10.31 20:37:03.892, SYS,  INFO,        4, Connected to, (SYS: 1 Ui -num 1 CONN: 1) @ Igor-PC (::ffff:127.0.0.1)
WCCOAui      (1), 2017.10.31 20:37:03.907, SYS,  INFO,      102, Waiting for user names/passwords
WCCOAui      (1), 2017.10.31 20:37:03.910, SYS,  INFO,      103, User names/passwords initialized
WCCILpmon    (1), 2017.10.31 20:37:04.020, SYS,  INFO,        9/pmon, The project is up and running. Entering monitor mode
WCCOAui      (1), 2017.10.31 20:37:16.055, SYS,  INFO,      181, Closing connection to (SYS: 1 Data -num 0 CONN: 1)
WCCOAui      (1), 2017.10.31 20:37:16.055, SYS,  INFO,      181, Closing connection to (SYS: 1 Event -num 0 CONN: 1)
WCCILdata    (0), 2017.10.31 20:37:16.055, SYS,  INFO,       39, Connection lost, MAN: (SYS: 1 Ui -num 1 CONN: 1), Connection closed
WCCOAui      (1), 2017.10.31 20:37:16.056, SYS,  INFO,       39, Connection lost, MAN: (SYS: 1 Data -num 0 CONN: 1), Connection closed
WCCILevent   (0), 2017.10.31 20:37:16.056, SYS,  INFO,       39, Connection lost, MAN: (SYS: 1 Ui -num 1 CONN: 1), Connection closed
WCCOAui      (1), 2017.10.31 20:37:17.056, SYS,  INFO,       39, Connection lost, MAN: (SYS: 1 Event -num 0 CONN: 1), Connection closed
WCCOAui      (1), 2017.10.31 20:37:17.089, SYS,  INFO,        2, Manager Stop
WCCILpmon    (1), 2017.10.31 20:37:19.507, SYS,  INFO,        3/pmon, Got shutdown command - stopping the project and terminating
WCCILpmon    (1), 2017.10.31 20:37:19.508, SYS,  INFO,       17/pmon, Stopping Manager WCCILsim(1) with signal SIGTERM
WCCILpmon    (1), 2017.10.31 20:37:19.509, SYS,  INFO,       17/pmon, Stopping Manager WCCOActrl(1) with signal SIGTERM
WCCOActrl    (1), 2017.10.31 20:37:19.509, SYS,  INFO,      170, Signal SIGTERM received - exiting ...
WCCILpmon    (1), 2017.10.31 20:37:19.509, SYS,  INFO,       17/pmon, Stopping Manager WCCOAvalarch(5) with signal SIGTERM
WCCILpmon    (1), 2017.10.31 20:37:19.510, SYS,  INFO,       17/pmon, Stopping Manager WCCOAvalarch(4) with signal SIGTERM
WCCILpmon    (1), 2017.10.31 20:37:19.510, SYS,  INFO,       17/pmon, Stopping Manager WCCOAvalarch(3) with signal SIGTERM
WCCILpmon    (1), 2017.10.31 20:37:19.511, SYS,  INFO,       17/pmon, Stopping Manager WCCOAvalarch(2) with signal SIGTERM
WCCILpmon    (1), 2017.10.31 20:37:19.512, SYS,  INFO,       17/pmon, Stopping Manager WCCOAvalarch(1) with signal SIGTERM
WCCILpmon    (1), 2017.10.31 20:37:19.512, SYS,  INFO,       17/pmon, Stopping Manager WCCOAvalarch(0) with signal SIGTERM
WCCILsim     (1), 2017.10.31 20:37:21.522, SYS,  INFO,      181, Closing connection to (SYS: 1 Data -num 0 CONN: 1)
WCCILsim     (1), 2017.10.31 20:37:21.522, SYS,  INFO,      181, Closing connection to (SYS: 1 Event -num 0 CONN: 1)
WCCILdata    (0), 2017.10.31 20:37:21.522, SYS,  INFO,       39, Connection lost, MAN: (SYS: 1 Driver -num 1 CONN: 1), Connection closed
WCCILevent   (0), 2017.10.31 20:37:21.522, SYS,  INFO,       39, Connection lost, MAN: (SYS: 1 Driver -num 1 CONN: 1), Connection closed
WCCILsim     (1), 2017.10.31 20:37:21.523, SYS,  INFO,       39, Connection lost, MAN: (SYS: 1 Data -num 0 CONN: 1), Connection closed
WCCILsim     (1), 2017.10.31 20:37:21.523, SYS,  INFO,       39, Connection lost, MAN: (SYS: 1 Event -num 0 CONN: 1), Connection closed
WCCILsim     (1), 2017.10.31 20:37:21.523, SYS,  INFO,        2, Manager Stop
WCCOActrl    (1), 2017.10.31 20:37:22.058, SYS,  INFO,      181, Closing connection to (SYS: 1 Data -num 0 CONN: 1)
WCCOActrl    (1), 2017.10.31 20:37:22.058, SYS,  INFO,      181, Closing connection to (SYS: 1 Event -num 0 CONN: 1)
WCCILevent   (0), 2017.10.31 20:37:22.058, SYS,  INFO,       39, Connection lost, MAN: (SYS: 1 Ctrl -num 1 CONN: 1), Connection closed
WCCOActrl    (1), 2017.10.31 20:37:22.059, CTRL, WARNING,    38, Message could not be sent, calculateState.ctl    Line: 415, dpSet
WCCOActrl    (1), 2017.10.31 20:37:22.059, SYS,  INFO,       39, Connection lost, MAN: (SYS: 1 Event -num 0 CONN: 1), Connection closed
WCCILdata    (0), 2017.10.31 20:37:22.058, SYS,  INFO,       39, Connection lost, MAN: (SYS: 1 Ctrl -num 1 CONN: 1), Connection closed
WCCOActrl    (1), 2017.10.31 20:37:23.058, SYS,  INFO,       39, Connection lost, MAN: (SYS: 1 Data -num 0 CONN: 1), Connection closed
WCCOActrl    (1), 2017.10.31 20:37:23.066, SYS,  INFO,        2, Manager Stop
WCCOAvalarch (1), 2017.10.31 20:37:25.589, SYS,  INFO,      181, Closing connection to (SYS: 1 Data -num 0 CONN: 1)
WCCILdata    (0), 2017.10.31 20:37:25.589, SYS,  INFO,       39, Connection lost, MAN: (SYS: 1 Data -num 3 CONN: 1), Connection closed
WCCILdata    (0), 2017.10.31 20:37:25.590, PARAM,INFO,        2, Manager Stop, HistOrgMain, archive is now offline, archive number is:1
WCCOAvalarch (5), 2017.10.31 20:37:25.590, SYS,  INFO,      181, Closing connection to (SYS: 1 Data -num 0 CONN: 1)
WCCILdata    (0), 2017.10.31 20:37:25.590, SYS,  INFO,       39, Connection lost, MAN: (SYS: 1 Data -num 7 CONN: 1), Connection closed
WCCILdata    (0), 2017.10.31 20:37:25.590, PARAM,INFO,        2, Manager Stop, HistOrgMain, archive is now offline, archive number is:5
WCCOAvalarch (0), 2017.10.31 20:37:25.591, SYS,  INFO,      181, Closing connection to (SYS: 1 Data -num 0 CONN: 1)
WCCILdata    (0), 2017.10.31 20:37:25.591, SYS,  INFO,       39, Connection lost, MAN: (SYS: 1 Data -num 2 CONN: 1), Connection closed
WCCOAvalarch (0), 2017.10.31 20:37:25.591, SYS,  INFO,       39, Connection lost, MAN: (SYS: 1 Data -num 0 CONN: 1), Connection closed
WCCOAvalarch (2), 2017.10.31 20:37:25.591, SYS,  INFO,      181, Closing connection to (SYS: 1 Data -num 0 CONN: 1)
WCCOAvalarch (5), 2017.10.31 20:37:25.590, SYS,  INFO,       39, Connection lost, MAN: (SYS: 1 Data -num 0 CONN: 1), Connection closed
WCCOAvalarch (5), 2017.10.31 20:37:26.591, SYS,  INFO,       39, Connection lost, (SYS: 1 Data -num 0 CONN: 1)
WCCOAvalarch (5), 2017.10.31 20:37:26.591, SYS,  INFO,        2, Manager Stop
WCCOAvalarch (3), 2017.10.31 20:37:25.591, SYS,  INFO,      181, Closing connection to (SYS: 1 Data -num 0 CONN: 1)
WCCILdata    (0), 2017.10.31 20:37:25.591, PARAM,INFO,        2, Manager Stop, HistOrgMain, archive is now offline, archive number is:0
WCCOAvalarch (0), 2017.10.31 20:37:25.591, SYS,  INFO,       39, Connection lost, (SYS: 1 Data -num 0 CONN: 1)
WCCILdata    (0), 2017.10.31 20:37:26.592, SYS,  INFO,       39, Connection lost, MAN: (SYS: 1 Data -num 4 CONN: 1), Connection closed
WCCOAvalarch (2), 2017.10.31 20:37:26.592, SYS,  INFO,       39, Connection lost, MAN: (SYS: 1 Data -num 0 CONN: 1), Connection closed
WCCOAvalarch (0), 2017.10.31 20:37:26.592, SYS,  INFO,        2, Manager Stop
WCCOAvalarch (2), 2017.10.31 20:37:26.593, SYS,  INFO,       39, Connection lost, (SYS: 1 Data -num 0 CONN: 1)
WCCOAvalarch (2), 2017.10.31 20:37:26.593, SYS,  INFO,        2, Manager Stop
WCCOAvalarch (1), 2017.10.31 20:37:25.589, SYS,  INFO,       39, Connection lost, MAN: (SYS: 1 Data -num 0 CONN: 1), Connection closed
WCCOAvalarch (1), 2017.10.31 20:37:27.591, SYS,  INFO,       39, Connection lost, (SYS: 1 Data -num 0 CONN: 1)
WCCOAvalarch (1), 2017.10.31 20:37:27.591, SYS,  INFO,        2, Manager Stop
WCCOAvalarch (4), 2017.10.31 20:37:25.591, SYS,  INFO,      181, Closing connection to (SYS: 1 Data -num 0 CONN: 1)
WCCILdata    (0), 2017.10.31 20:37:26.592, PARAM,INFO,        2, Manager Stop, HistOrgMain, archive is now offline, archive number is:2
WCCILdata    (0), 2017.10.31 20:37:27.600, SYS,  INFO,       39, Connection lost, MAN: (SYS: 1 Data -num 5 CONN: 1), Connection closed
WCCOAvalarch (3), 2017.10.31 20:37:27.602, SYS,  INFO,       39, Connection lost, MAN: (SYS: 1 Data -num 0 CONN: 1), Connection closed
WCCOAvalarch (3), 2017.10.31 20:37:27.603, SYS,  INFO,       39, Connection lost, (SYS: 1 Data -num 0 CONN: 1)
WCCOAvalarch (3), 2017.10.31 20:37:27.603, SYS,  INFO,        2, Manager Stop
WCCILdata    (0), 2017.10.31 20:37:27.602, PARAM,INFO,        2, Manager Stop, HistOrgMain, archive is now offline, archive number is:3
WCCILdata    (0), 2017.10.31 20:37:28.603, SYS,  INFO,       39, Connection lost, MAN: (SYS: 1 Data -num 6 CONN: 1), Connection closed
WCCOAvalarch (4), 2017.10.31 20:37:28.604, SYS,  INFO,       39, Connection lost, MAN: (SYS: 1 Data -num 0 CONN: 1), Connection closed
WCCOAvalarch (4), 2017.10.31 20:37:28.604, SYS,  INFO,       39, Connection lost, (SYS: 1 Data -num 0 CONN: 1)
WCCOAvalarch (4), 2017.10.31 20:37:28.604, SYS,  INFO,        2, Manager Stop
WCCILdata    (0), 2017.10.31 20:37:28.604, PARAM,INFO,        2, Manager Stop, HistOrgMain, archive is now offline, archive number is:4
WCCILdata    (0), 2017.10.31 20:38:04.103, SYS,  INFO,        0, , Loading DpIdentification
WCCILdata    (0), 2017.10.31 20:38:04.105, SYS,  INFO,        0, , (Re)Opening databases in multi user mode without transaction logging.
WCCILdata    (0), 2017.10.31 20:38:04.435, SYS,  INFO,        0, , DataManager, startBgMgr, (Re)starting WCCILdatabg
WCCILdatabg  (1), 2017.10.31 20:38:05.189, SYS,  INFO,        1, Manager Start, PROJ, SweetHome, V 3.11 - 3.11    linked at Jul 11 2012 23:24:50
WCCILdatabg  (1), 2017.10.31 20:38:05.193, SYS,  INFO,        3, Trying to connect to, (SYS: 0 Data -num 0 CONN: 1) @ localhost:4897
WCCILdatabg  (1), 2017.10.31 20:38:05.197, SYS,  INFO,        4, Connected to, (SYS: 0 Data -num 0 CONN: 1) @ Igor-PC (127.0.0.1)
WCCILdata    (0), 2017.10.31 20:38:05.197, SYS,  INFO,        4, Connected to, (SYS: 1 Data -num 1 CONN: 1) @ Igor-PC (::ffff:127.0.0.1)
WCCILdata    (0), 2017.10.31 20:38:05.201, SYS,  INFO,        0, , Manager (SYS: 1 Data -num 1 CONN: 1) initialised
WCCILdatabg  (1), 2017.10.31 20:38:05.369, SYS,  INFO,        6, Initialization by Data Manager finished
